# JRE version: Java(TM) SE Runtime Environment (8.0_231-b11) (build 1.8.0_231-b11)
# Java VM: Java HotSpot(TM) 64-Bit Server VM (25.231-b11 mixed mode windows-amd64 compressed oops)
Heap:
 PSYoungGen      total 70656K, used 61899K [0x000000076b700000, 0x0000000774200000, 0x00000007c0000000)
  eden space 65024K, 90% used [0x000000076b700000,0x000000076f0c2fd8,0x000000076f680000)
  from space 5632K, 48% used [0x000000076f680000,0x000000076f930000,0x000000076fc00000)
  to   space 6144K, 0% used [0x0000000773c00000,0x0000000773c00000,0x0000000774200000)
 ParOldGen       total 173568K, used 3010K [0x00000006c2400000, 0x00000006ccd80000, 0x000000076b700000)
  object space 173568K, 1% used [0x00000006c2400000,0x00000006c26f0b38,0x00000006ccd80000)
 Metaspace       used 11718K, capacity 12070K, committed 12288K, reserved 1060864K
  class space    used 1403K, capacity 1499K, committed 1536K, reserved 1048576K
GC Heap History (10 events):
Event: 6.626 GC heap before
{Heap before GC invocations=3 (full 0):
 PSYoungGen      total 75776K, used 68464K [0x000000076b700000, 0x0000000770b80000, 0x00000007c0000000)
  eden space 65024K, 100% used [0x000000076b700000,0x000000076f680000,0x000000076f680000)
  from space 10752K, 31% used [0x0000000770100000,0x000000077045c040,0x0000000770b80000)
  to   space 10752K, 0% used [0x000000076f680000,0x000000076f680000,0x0000000770100000)
 ParOldGen       total 173568K, used 96K [0x00000006c2400000, 0x00000006ccd80000, 0x000000076b700000)
  object space 173568K, 0% used [0x00000006c2400000,0x00000006c2418010,0x00000006ccd80000)
 Metaspace       used 11716K, capacity 12070K, committed 12288K, reserved 1060864K
  class space    used 1402K, capacity 1499K, committed 1536K, reserved 1048576K
Event: 6.643 GC heap after
Heap after GC invocations=3 (full 0):
 PSYoungGen      total 75776K, used 3872K [0x000000076b700000, 0x0000000770b80000, 0x00000007c0000000)
  eden space 65024K, 0% used [0x000000076b700000,0x000000076b700000,0x000000076f680000)
  from space 10752K, 36% used [0x000000076f680000,0x000000076fa48050,0x0000000770100000)
  to   space 10752K, 0% used [0x0000000770100000,0x0000000770100000,0x0000000770b80000)
 ParOldGen       total 173568K, used 104K [0x00000006c2400000, 0x00000006ccd80000, 0x000000076b700000)
  object space 173568K, 0% used [0x00000006c2400000,0x00000006c241a010,0x00000006ccd80000)
 Metaspace       used 11716K, capacity 12070K, committed 12288K, reserved 1060864K
  class space    used 1402K, capacity 1499K, committed 1536K, reserved 1048576K
}
Event: 8.672 GC heap before
{Heap before GC invocations=4 (full 0):
 PSYoungGen      total 75776K, used 68896K [0x000000076b700000, 0x0000000770b80000, 0x00000007c0000000)
  eden space 65024K, 100% used [0x000000076b700000,0x000000076f680000,0x000000076f680000)
  from space 10752K, 36% used [0x000000076f680000,0x000000076fa48050,0x0000000770100000)
  to   space 10752K, 0% used [0x0000000770100000,0x0000000770100000,0x0000000770b80000)
 ParOldGen       total 173568K, used 104K [0x00000006c2400000, 0x00000006ccd80000, 0x000000076b700000)
  object space 173568K, 0% used [0x00000006c2400000,0x00000006c241a010,0x00000006ccd80000)
 Metaspace       used 11716K, capacity 12070K, committed 12288K, reserved 1060864K
  class space    used 1402K, capacity 1499K, committed 1536K, reserved 1048576K
Event: 8.692 GC heap after
Heap after GC invocations=4 (full 0):
 PSYoungGen      total 75776K, used 4320K [0x000000076b700000, 0x0000000770b80000, 0x00000007c0000000)
  eden space 65024K, 0% used [0x000000076b700000,0x000000076b700000,0x000000076f680000)
  from space 10752K, 40% used [0x0000000770100000,0x0000000770538050,0x0000000770b80000)
  to   space 10752K, 0% used [0x000000076f680000,0x000000076f680000,0x0000000770100000)
 ParOldGen       total 173568K, used 112K [0x00000006c2400000, 0x00000006ccd80000, 0x000000076b700000)
  object space 173568K, 0% used [0x00000006c2400000,0x00000006c241c010,0x00000006ccd80000)
 Metaspace       used 11716K, capacity 12070K, committed 12288K, reserved 1060864K
  class space    used 1402K, capacity 1499K, committed 1536K, reserved 1048576K
}
Event: 12.051 GC heap before
{Heap before GC invocations=5 (full 0):
 PSYoungGen      total 75776K, used 69344K [0x000000076b700000, 0x0000000770b80000, 0x00000007c0000000)
  eden space 65024K, 100% used [0x000000076b700000,0x000000076f680000,0x000000076f680000)
  from space 10752K, 40% used [0x0000000770100000,0x0000000770538050,0x0000000770b80000)
  to   space 10752K, 0% used [0x000000076f680000,0x000000076f680000,0x0000000770100000)
 ParOldGen       total 173568K, used 112K [0x00000006c2400000, 0x00000006ccd80000, 0x000000076b700000)
  object space 173568K, 0% used [0x00000006c2400000,0x00000006c241c010,0x00000006ccd80000)
 Metaspace       used 11716K, capacity 12070K, committed 12288K, reserved 1060864K
  class space    used 1402K, capacity 1499K, committed 1536K, reserved 1048576K
Event: 12.069 GC heap after
Heap after GC invocations=5 (full 0):
 PSYoungGen      total 68608K, used 4672K [0x000000076b700000, 0x0000000770180000, 0x00000007c0000000)
  eden space 63488K, 0% used [0x000000076b700000,0x000000076b700000,0x000000076f500000)
  from space 5120K, 91% used [0x000000076f680000,0x000000076fb10030,0x000000076fb80000)
  to   space 5632K, 0% used [0x000000076fc00000,0x000000076fc00000,0x0000000770180000)
 ParOldGen       total 173568K, used 120K [0x00000006c2400000, 0x00000006ccd80000, 0x000000076b700000)
  object space 173568K, 0% used [0x00000006c2400000,0x00000006c241e010,0x00000006ccd80000)
 Metaspace       used 11716K, capacity 12070K, committed 12288K, reserved 1060864K
  class space    used 1402K, capacity 1499K, committed 1536K, reserved 1048576K
}
Event: 14.106 GC heap before
{Heap before GC invocations=6 (full 0):
 PSYoungGen      total 68608K, used 68160K [0x000000076b700000, 0x0000000770180000, 0x00000007c0000000)
  eden space 63488K, 100% used [0x000000076b700000,0x000000076f500000,0x000000076f500000)
  from space 5120K, 91% used [0x000000076f680000,0x000000076fb10030,0x000000076fb80000)
  to   space 5632K, 0% used [0x000000076fc00000,0x000000076fc00000,0x0000000770180000)
 ParOldGen       total 173568K, used 120K [0x00000006c2400000, 0x00000006ccd80000, 0x000000076b700000)
  object space 173568K, 0% used [0x00000006c2400000,0x00000006c241e010,0x00000006ccd80000)
 Metaspace       used 11716K, capacity 12070K, committed 12288K, reserved 1060864K
  class space    used 1402K, capacity 1499K, committed 1536K, reserved 1048576K
Event: 14.512 GC heap after
Heap after GC invocations=6 (full 0):
 PSYoungGen      total 70656K, used 5056K [0x000000076b700000, 0x0000000773e00000, 0x00000007c0000000)
  eden space 65024K, 0% used [0x000000076b700000,0x000000076b700000,0x000000076f680000)
  from space 5632K, 89% used [0x000000076fc00000,0x00000007700f0030,0x0000000770180000)
  to   space 5632K, 0% used [0x000000076f680000,0x000000076f680000,0x000000076fc00000)
 ParOldGen       total 173568K, used 128K [0x00000006c2400000, 0x00000006ccd80000, 0x000000076b700000)
  object space 173568K, 0% used [0x00000006c2400000,0x00000006c2420010,0x00000006ccd80000)
 Metaspace       used 11716K, capacity 12070K, committed 12288K, reserved 1060864K
  class space    used 1402K, capacity 1499K, committed 1536K, reserved 1048576K
}
Event: 18.832 GC heap before
{Heap before GC invocations=7 (full 0):
 PSYoungGen      total 70656K, used 70080K [0x000000076b700000, 0x0000000773e00000, 0x00000007c0000000)
  eden space 65024K, 100% used [0x000000076b700000,0x000000076f680000,0x000000076f680000)
  from space 5632K, 89% used [0x000000076fc00000,0x00000007700f0030,0x0000000770180000)
  to   space 5632K, 0% used [0x000000076f680000,0x000000076f680000,0x000000076fc00000)
 ParOldGen       total 173568K, used 128K [0x00000006c2400000, 0x00000006ccd80000, 0x000000076b700000)
  object space 173568K, 0% used [0x00000006c2400000,0x00000006c2420010,0x00000006ccd80000)
 Metaspace       used 11716K, capacity 12070K, committed 12288K, reserved 1060864K
  class space    used 1402K, capacity 1499K, committed 1536K, reserved 1048576K
Event: 18.938 GC heap after
Heap after GC invocations=7 (full 0):
 PSYoungGen      total 70656K, used 2752K [0x000000076b700000, 0x0000000774200000, 0x00000007c0000000)
  eden space 65024K, 0% used [0x000000076b700000,0x000000076b700000,0x000000076f680000)
  from space 5632K, 48% used [0x000000076f680000,0x000000076f930000,0x000000076fc00000)
  to   space 6144K, 0% used [0x0000000773c00000,0x0000000773c00000,0x0000000774200000)
 ParOldGen       total 173568K, used 3010K [0x00000006c2400000, 0x00000006ccd80000, 0x000000076b700000)
  object space 173568K, 1% used [0x00000006c2400000,0x00000006c26f0b38,0x00000006ccd80000)
 Metaspace       used 11716K, capacity 12070K, committed 12288K, reserved 1060864K
  class space    used 1402K, capacity 1499K, committed 1536K, reserved 1048576K
}

